[debug] [2023-08-24T00:41:21.847Z] ----------------------------------------------------------------------
[debug] [2023-08-24T00:41:21.849Z] Command:       C:\Program Files\nodejs\node.exe C:\Users\kevin\AppData\Roaming\npm\node_modules\firebase-tools\lib\bin\firebase.js deploy
[debug] [2023-08-24T00:41:21.850Z] CLI Version:   10.9.2
[debug] [2023-08-24T00:41:21.850Z] Platform:      win32
[debug] [2023-08-24T00:41:21.850Z] Node Version:  v19.6.0
[debug] [2023-08-24T00:41:21.850Z] Time:          Wed Aug 23 2023 17:41:21 GMT-0700 (Pacific Daylight Time)
[debug] [2023-08-24T00:41:21.850Z] ----------------------------------------------------------------------
[debug] 
[debug] [2023-08-24T00:41:21.853Z] >>> [apiv2][query] GET https://firebase-public.firebaseio.com/cli.json [none]
[debug] [2023-08-24T00:41:21.951Z] > command requires scopes: ["email","openid","https://www.googleapis.com/auth/cloudplatformprojects.readonly","https://www.googleapis.com/auth/firebase","https://www.googleapis.com/auth/cloud-platform"]
[debug] [2023-08-24T00:41:21.951Z] > authorizing via signed-in user (hellojava3301@gmail.com)
[debug] [2023-08-24T00:41:21.951Z] [iam] checking project cv-techteam-dev for permissions ["firebase.projects.get","firebasehosting.sites.update"]
[debug] [2023-08-24T00:41:21.952Z] > refreshing access token with scopes: []
[debug] [2023-08-24T00:41:21.953Z] >>> HTTP REQUEST POST https://www.googleapis.com/oauth2/v3/token  
 <request body omitted>
[debug] [2023-08-24T00:41:22.085Z] <<< HTTP RESPONSE 400 {"cache-control":"no-cache, no-store, max-age=0, must-revalidate","expires":"Mon, 01 Jan 1990 00:00:00 GMT","date":"Thu, 24 Aug 2023 00:41:21 GMT","pragma":"no-cache","content-type":"application/json; charset=utf-8","vary":"X-Origin, Referer, Origin,Accept-Encoding","server":"scaffolding on HTTPServer2","x-xss-protection":"0","x-frame-options":"SAMEORIGIN","x-content-type-options":"nosniff","alt-svc":"h3=\":443\"; ma=2592000,h3-29=\":443\"; ma=2592000","accept-ranges":"none","transfer-encoding":"chunked"}
[debug] [2023-08-24T00:41:22.086Z] >>> [apiv2][query] POST https://cloudresourcemanager.googleapis.com/v1/projects/cv-techteam-dev:testIamPermissions [none]
[debug] [2023-08-24T00:41:22.086Z] >>> [apiv2][body] POST https://cloudresourcemanager.googleapis.com/v1/projects/cv-techteam-dev:testIamPermissions {"permissions":["firebase.projects.get","firebasehosting.sites.update"]}
[debug] [2023-08-24T00:41:22.104Z] <<< [apiv2][status] GET https://firebase-public.firebaseio.com/cli.json 200
[debug] [2023-08-24T00:41:22.104Z] <<< [apiv2][body] GET https://firebase-public.firebaseio.com/cli.json {"cloudBuildErrorAfter":1594252800000,"cloudBuildWarnAfter":1590019200000,"defaultNode10After":1594252800000,"minVersion":"3.0.5","node8DeploysDisabledAfter":1613390400000,"node8RuntimeDisabledAfter":1615809600000,"node8WarnAfter":1600128000000}
[debug] [2023-08-24T00:41:22.194Z] <<< [apiv2][status] POST https://cloudresourcemanager.googleapis.com/v1/projects/cv-techteam-dev:testIamPermissions 401
[debug] [2023-08-24T00:41:22.195Z] <<< [apiv2][body] POST https://cloudresourcemanager.googleapis.com/v1/projects/cv-techteam-dev:testIamPermissions {"error":{"code":401,"message":"Request had invalid authentication credentials. Expected OAuth 2 access token, login cookie or other valid authentication credential. See https://developers.google.com/identity/sign-in/web/devconsole-project.","status":"UNAUTHENTICATED","details":[{"@type":"type.googleapis.com/google.rpc.ErrorInfo","reason":"ACCESS_TOKEN_TYPE_UNSUPPORTED","metadata":{"service":"cloudresourcemanager.googleapis.com","method":"google.cloudresourcemanager.v1.Projects.TestIamPermissions"}}]}}
[debug] [2023-08-24T00:41:22.195Z] [iam] error while checking permissions, command may fail: FirebaseError: HTTP Error: 401, Request had invalid authentication credentials. Expected OAuth 2 access token, login cookie or other valid authentication credential. See https://developers.google.com/identity/sign-in/web/devconsole-project.
[debug] [2023-08-24T00:41:22.196Z] > refreshing access token with scopes: []
[debug] [2023-08-24T00:41:22.196Z] >>> HTTP REQUEST POST https://www.googleapis.com/oauth2/v3/token  
 <request body omitted>
[debug] [2023-08-24T00:41:22.266Z] <<< HTTP RESPONSE 400 {"pragma":"no-cache","date":"Thu, 24 Aug 2023 00:41:22 GMT","cache-control":"no-cache, no-store, max-age=0, must-revalidate","expires":"Mon, 01 Jan 1990 00:00:00 GMT","content-type":"application/json; charset=utf-8","vary":"X-Origin, Referer, Origin,Accept-Encoding","server":"scaffolding on HTTPServer2","x-xss-protection":"0","x-frame-options":"SAMEORIGIN","x-content-type-options":"nosniff","alt-svc":"h3=\":443\"; ma=2592000,h3-29=\":443\"; ma=2592000","accept-ranges":"none","transfer-encoding":"chunked"}
[debug] [2023-08-24T00:41:22.268Z] >>> [apiv2][query] GET https://firebase.googleapis.com/v1beta1/projects/cv-techteam-dev [none]
[debug] [2023-08-24T00:41:22.377Z] <<< [apiv2][status] GET https://firebase.googleapis.com/v1beta1/projects/cv-techteam-dev 401
[debug] [2023-08-24T00:41:22.377Z] <<< [apiv2][body] GET https://firebase.googleapis.com/v1beta1/projects/cv-techteam-dev {"error":{"code":401,"message":"Request had invalid authentication credentials. Expected OAuth 2 access token, login cookie or other valid authentication credential. See https://developers.google.com/identity/sign-in/web/devconsole-project.","status":"UNAUTHENTICATED"}}
[debug] [2023-08-24T00:41:22.377Z] HTTP Error: 401, Request had invalid authentication credentials. Expected OAuth 2 access token, login cookie or other valid authentication credential. See https://developers.google.com/identity/sign-in/web/devconsole-project.
[debug] [2023-08-24T00:41:22.456Z] FirebaseError: HTTP Error: 401, Request had invalid authentication credentials. Expected OAuth 2 access token, login cookie or other valid authentication credential. See https://developers.google.com/identity/sign-in/web/devconsole-project.
    at module.exports (C:\Users\kevin\AppData\Roaming\npm\node_modules\firebase-tools\lib\responseToError.js:47:12)
    at RetryOperation._fn (C:\Users\kevin\AppData\Roaming\npm\node_modules\firebase-tools\lib\apiv2.js:286:39)
    at process.processTicksAndRejections (node:internal/process/task_queues:95:5)
[error] 
[error] Error: Failed to get Firebase project cv-techteam-dev. Please make sure the project exists and your account has permission to access it.
[debug] [2023-08-24T00:42:49.042Z] ----------------------------------------------------------------------
[debug] [2023-08-24T00:42:49.044Z] Command:       C:\Program Files\nodejs\node.exe C:\Users\kevin\AppData\Roaming\npm\node_modules\firebase-tools\lib\bin\firebase.js deploy
[debug] [2023-08-24T00:42:49.045Z] CLI Version:   10.9.2
[debug] [2023-08-24T00:42:49.045Z] Platform:      win32
[debug] [2023-08-24T00:42:49.045Z] Node Version:  v19.6.0
[debug] [2023-08-24T00:42:49.045Z] Time:          Wed Aug 23 2023 17:42:49 GMT-0700 (Pacific Daylight Time)
[debug] [2023-08-24T00:42:49.045Z] ----------------------------------------------------------------------
[debug] 
[debug] [2023-08-24T00:42:49.099Z] > command requires scopes: ["email","openid","https://www.googleapis.com/auth/cloudplatformprojects.readonly","https://www.googleapis.com/auth/firebase","https://www.googleapis.com/auth/cloud-platform"]
[debug] [2023-08-24T00:42:49.099Z] > authorizing via signed-in user (hellojava3301@gmail.com)
[debug] [2023-08-24T00:42:49.099Z] [iam] checking project cv-techteam-dev for permissions ["firebase.projects.get","firebasehosting.sites.update"]
[debug] [2023-08-24T00:42:49.101Z] > refreshing access token with scopes: []
[debug] [2023-08-24T00:42:49.101Z] >>> HTTP REQUEST POST https://www.googleapis.com/oauth2/v3/token  
 <request body omitted>
[debug] [2023-08-24T00:42:49.249Z] <<< HTTP RESPONSE 400 {"expires":"Mon, 01 Jan 1990 00:00:00 GMT","cache-control":"no-cache, no-store, max-age=0, must-revalidate","date":"Thu, 24 Aug 2023 00:42:48 GMT","pragma":"no-cache","content-type":"application/json; charset=utf-8","vary":"X-Origin, Referer, Origin,Accept-Encoding","server":"scaffolding on HTTPServer2","x-xss-protection":"0","x-frame-options":"SAMEORIGIN","x-content-type-options":"nosniff","alt-svc":"h3=\":443\"; ma=2592000,h3-29=\":443\"; ma=2592000","accept-ranges":"none","transfer-encoding":"chunked"}
[debug] [2023-08-24T00:42:49.252Z] >>> [apiv2][query] POST https://cloudresourcemanager.googleapis.com/v1/projects/cv-techteam-dev:testIamPermissions [none]
[debug] [2023-08-24T00:42:49.252Z] >>> [apiv2][body] POST https://cloudresourcemanager.googleapis.com/v1/projects/cv-techteam-dev:testIamPermissions {"permissions":["firebase.projects.get","firebasehosting.sites.update"]}
[debug] [2023-08-24T00:42:49.422Z] <<< [apiv2][status] POST https://cloudresourcemanager.googleapis.com/v1/projects/cv-techteam-dev:testIamPermissions 401
[debug] [2023-08-24T00:42:49.422Z] <<< [apiv2][body] POST https://cloudresourcemanager.googleapis.com/v1/projects/cv-techteam-dev:testIamPermissions {"error":{"code":401,"message":"Request had invalid authentication credentials. Expected OAuth 2 access token, login cookie or other valid authentication credential. See https://developers.google.com/identity/sign-in/web/devconsole-project.","status":"UNAUTHENTICATED","details":[{"@type":"type.googleapis.com/google.rpc.ErrorInfo","reason":"ACCESS_TOKEN_TYPE_UNSUPPORTED","metadata":{"service":"cloudresourcemanager.googleapis.com","method":"google.cloudresourcemanager.v1.Projects.TestIamPermissions"}}]}}
[debug] [2023-08-24T00:42:49.423Z] [iam] error while checking permissions, command may fail: FirebaseError: HTTP Error: 401, Request had invalid authentication credentials. Expected OAuth 2 access token, login cookie or other valid authentication credential. See https://developers.google.com/identity/sign-in/web/devconsole-project.
[debug] [2023-08-24T00:42:49.423Z] > refreshing access token with scopes: []
[debug] [2023-08-24T00:42:49.423Z] >>> HTTP REQUEST POST https://www.googleapis.com/oauth2/v3/token  
 <request body omitted>
[debug] [2023-08-24T00:42:49.494Z] <<< HTTP RESPONSE 400 {"pragma":"no-cache","cache-control":"no-cache, no-store, max-age=0, must-revalidate","expires":"Mon, 01 Jan 1990 00:00:00 GMT","date":"Thu, 24 Aug 2023 00:42:49 GMT","content-type":"application/json; charset=utf-8","vary":"X-Origin, Referer, Origin,Accept-Encoding","server":"scaffolding on HTTPServer2","x-xss-protection":"0","x-frame-options":"SAMEORIGIN","x-content-type-options":"nosniff","alt-svc":"h3=\":443\"; ma=2592000,h3-29=\":443\"; ma=2592000","accept-ranges":"none","transfer-encoding":"chunked"}
[debug] [2023-08-24T00:42:49.495Z] >>> [apiv2][query] GET https://firebase.googleapis.com/v1beta1/projects/cv-techteam-dev [none]
[debug] [2023-08-24T00:42:49.721Z] <<< [apiv2][status] GET https://firebase.googleapis.com/v1beta1/projects/cv-techteam-dev 401
[debug] [2023-08-24T00:42:49.721Z] <<< [apiv2][body] GET https://firebase.googleapis.com/v1beta1/projects/cv-techteam-dev {"error":{"code":401,"message":"Request had invalid authentication credentials. Expected OAuth 2 access token, login cookie or other valid authentication credential. See https://developers.google.com/identity/sign-in/web/devconsole-project.","status":"UNAUTHENTICATED"}}
[debug] [2023-08-24T00:42:49.721Z] HTTP Error: 401, Request had invalid authentication credentials. Expected OAuth 2 access token, login cookie or other valid authentication credential. See https://developers.google.com/identity/sign-in/web/devconsole-project.
[debug] [2023-08-24T00:42:49.795Z] FirebaseError: HTTP Error: 401, Request had invalid authentication credentials. Expected OAuth 2 access token, login cookie or other valid authentication credential. See https://developers.google.com/identity/sign-in/web/devconsole-project.
    at module.exports (C:\Users\kevin\AppData\Roaming\npm\node_modules\firebase-tools\lib\responseToError.js:47:12)
    at RetryOperation._fn (C:\Users\kevin\AppData\Roaming\npm\node_modules\firebase-tools\lib\apiv2.js:286:39)
    at process.processTicksAndRejections (node:internal/process/task_queues:95:5)
[error] 
[error] Error: Failed to get Firebase project cv-techteam-dev. Please make sure the project exists and your account has permission to access it.
