[debug] [2023-08-24T00:42:26.805Z] ----------------------------------------------------------------------
[debug] [2023-08-24T00:42:26.807Z] Command:       C:\Program Files\nodejs\node.exe C:\Users\kevin\AppData\Roaming\npm\node_modules\firebase-tools\lib\bin\firebase.js deploy
[debug] [2023-08-24T00:42:26.807Z] CLI Version:   10.9.2
[debug] [2023-08-24T00:42:26.808Z] Platform:      win32
[debug] [2023-08-24T00:42:26.808Z] Node Version:  v19.6.0
[debug] [2023-08-24T00:42:26.808Z] Time:          Wed Aug 23 2023 17:42:26 GMT-0700 (Pacific Daylight Time)
[debug] [2023-08-24T00:42:26.808Z] ----------------------------------------------------------------------
[debug] 
[debug] [2023-08-24T00:42:26.862Z] > command requires scopes: ["email","openid","https://www.googleapis.com/auth/cloudplatformprojects.readonly","https://www.googleapis.com/auth/firebase","https://www.googleapis.com/auth/cloud-platform"]
[debug] [2023-08-24T00:42:26.863Z] > authorizing via signed-in user (hellojava3301@gmail.com)
[debug] [2023-08-24T00:42:26.863Z] [iam] checking project cv-techteam-dev for permissions ["firebase.projects.get","firebasehosting.sites.update"]
[debug] [2023-08-24T00:42:26.864Z] > refreshing access token with scopes: []
[debug] [2023-08-24T00:42:26.864Z] >>> HTTP REQUEST POST https://www.googleapis.com/oauth2/v3/token  
 <request body omitted>
[debug] [2023-08-24T00:42:27.015Z] <<< HTTP RESPONSE 400 {"cache-control":"no-cache, no-store, max-age=0, must-revalidate","date":"Thu, 24 Aug 2023 00:42:26 GMT","pragma":"no-cache","expires":"Mon, 01 Jan 1990 00:00:00 GMT","content-type":"application/json; charset=utf-8","vary":"X-Origin, Referer, Origin,Accept-Encoding","server":"scaffolding on HTTPServer2","x-xss-protection":"0","x-frame-options":"SAMEORIGIN","x-content-type-options":"nosniff","alt-svc":"h3=\":443\"; ma=2592000,h3-29=\":443\"; ma=2592000","accept-ranges":"none","transfer-encoding":"chunked"}
[debug] [2023-08-24T00:42:27.017Z] >>> [apiv2][query] POST https://cloudresourcemanager.googleapis.com/v1/projects/cv-techteam-dev:testIamPermissions [none]
[debug] [2023-08-24T00:42:27.018Z] >>> [apiv2][body] POST https://cloudresourcemanager.googleapis.com/v1/projects/cv-techteam-dev:testIamPermissions {"permissions":["firebase.projects.get","firebasehosting.sites.update"]}
[debug] [2023-08-24T00:42:27.101Z] <<< [apiv2][status] POST https://cloudresourcemanager.googleapis.com/v1/projects/cv-techteam-dev:testIamPermissions 401
[debug] [2023-08-24T00:42:27.102Z] <<< [apiv2][body] POST https://cloudresourcemanager.googleapis.com/v1/projects/cv-techteam-dev:testIamPermissions {"error":{"code":401,"message":"Request had invalid authentication credentials. Expected OAuth 2 access token, login cookie or other valid authentication credential. See https://developers.google.com/identity/sign-in/web/devconsole-project.","status":"UNAUTHENTICATED","details":[{"@type":"type.googleapis.com/google.rpc.ErrorInfo","reason":"ACCESS_TOKEN_TYPE_UNSUPPORTED","metadata":{"service":"cloudresourcemanager.googleapis.com","method":"google.cloudresourcemanager.v1.Projects.TestIamPermissions"}}]}}
[debug] [2023-08-24T00:42:27.102Z] [iam] error while checking permissions, command may fail: FirebaseError: HTTP Error: 401, Request had invalid authentication credentials. Expected OAuth 2 access token, login cookie or other valid authentication credential. See https://developers.google.com/identity/sign-in/web/devconsole-project.
[debug] [2023-08-24T00:42:27.103Z] > refreshing access token with scopes: []
[debug] [2023-08-24T00:42:27.103Z] >>> HTTP REQUEST POST https://www.googleapis.com/oauth2/v3/token  
 <request body omitted>
[debug] [2023-08-24T00:42:27.171Z] <<< HTTP RESPONSE 400 {"pragma":"no-cache","date":"Thu, 24 Aug 2023 00:42:26 GMT","cache-control":"no-cache, no-store, max-age=0, must-revalidate","expires":"Mon, 01 Jan 1990 00:00:00 GMT","content-type":"application/json; charset=utf-8","vary":"X-Origin, Referer, Origin,Accept-Encoding","server":"scaffolding on HTTPServer2","x-xss-protection":"0","x-frame-options":"SAMEORIGIN","x-content-type-options":"nosniff","alt-svc":"h3=\":443\"; ma=2592000,h3-29=\":443\"; ma=2592000","accept-ranges":"none","transfer-encoding":"chunked"}
[debug] [2023-08-24T00:42:27.172Z] >>> [apiv2][query] GET https://firebase.googleapis.com/v1beta1/projects/cv-techteam-dev [none]
[debug] [2023-08-24T00:42:27.275Z] <<< [apiv2][status] GET https://firebase.googleapis.com/v1beta1/projects/cv-techteam-dev 401
[debug] [2023-08-24T00:42:27.275Z] <<< [apiv2][body] GET https://firebase.googleapis.com/v1beta1/projects/cv-techteam-dev {"error":{"code":401,"message":"Request had invalid authentication credentials. Expected OAuth 2 access token, login cookie or other valid authentication credential. See https://developers.google.com/identity/sign-in/web/devconsole-project.","status":"UNAUTHENTICATED"}}
[debug] [2023-08-24T00:42:27.276Z] HTTP Error: 401, Request had invalid authentication credentials. Expected OAuth 2 access token, login cookie or other valid authentication credential. See https://developers.google.com/identity/sign-in/web/devconsole-project.
[debug] [2023-08-24T00:42:27.350Z] FirebaseError: HTTP Error: 401, Request had invalid authentication credentials. Expected OAuth 2 access token, login cookie or other valid authentication credential. See https://developers.google.com/identity/sign-in/web/devconsole-project.
    at module.exports (C:\Users\kevin\AppData\Roaming\npm\node_modules\firebase-tools\lib\responseToError.js:47:12)
    at RetryOperation._fn (C:\Users\kevin\AppData\Roaming\npm\node_modules\firebase-tools\lib\apiv2.js:286:39)
    at process.processTicksAndRejections (node:internal/process/task_queues:95:5)
[error] 
[error] Error: Failed to get Firebase project cv-techteam-dev. Please make sure the project exists and your account has permission to access it.
